# JRE version: Java(TM) SE Runtime Environment (8.0_121-b13) (build 1.8.0_121-b13)
# Java VM: Java HotSpot(TM) 64-Bit Server VM (25.121-b13 mixed mode bsd-amd64 compressed oops)
Heap:
 PSYoungGen      total 104960K, used 57219K [0x000000076ab00000, 0x0000000773d80000, 0x00000007c0000000)
  eden space 96768K, 50% used [0x000000076ab00000,0x000000076dafe960,0x0000000770980000)
  from space 8192K, 98% used [0x0000000773580000,0x0000000773d624d8,0x0000000773d80000)
  to   space 10752K, 0% used [0x0000000772880000,0x0000000772880000,0x0000000773300000)
 ParOldGen       total 106496K, used 7611K [0x00000006c0000000, 0x00000006c6800000, 0x000000076ab00000)
  object space 106496K, 7% used [0x00000006c0000000,0x00000006c076ee10,0x00000006c6800000)
 Metaspace       used 29156K, capacity 30922K, committed 31104K, reserved 1077248K
  class space    used 3841K, capacity 4177K, committed 4224K, reserved 1048576K
GC Heap History (10 events):
Event: 0.777 GC heap before
{Heap before GC invocations=1 (full 0):
 PSYoungGen      total 76288K, used 65536K [0x000000076ab00000, 0x0000000770000000, 0x00000007c0000000)
  eden space 65536K, 100% used [0x000000076ab00000,0x000000076eb00000,0x000000076eb00000)
  from space 10752K, 0% used [0x000000076f580000,0x000000076f580000,0x0000000770000000)
  to   space 10752K, 0% used [0x000000076eb00000,0x000000076eb00000,0x000000076f580000)
 ParOldGen       total 175104K, used 0K [0x00000006c0000000, 0x00000006cab00000, 0x000000076ab00000)
  object space 175104K, 0% used [0x00000006c0000000,0x00000006c0000000,0x00000006cab00000)
 Metaspace       used 13594K, capacity 14012K, committed 14208K, reserved 1060864K
  class space    used 1673K, capacity 1799K, committed 1920K, reserved 1048576K
Event: 0.784 GC heap after
Heap after GC invocations=1 (full 0):
 PSYoungGen      total 76288K, used 8314K [0x000000076ab00000, 0x0000000770000000, 0x00000007c0000000)
  eden space 65536K, 0% used [0x000000076ab00000,0x000000076ab00000,0x000000076eb00000)
  from space 10752K, 77% used [0x000000076eb00000,0x000000076f31eb10,0x000000076f580000)
  to   space 10752K, 0% used [0x000000076f580000,0x000000076f580000,0x0000000770000000)
 ParOldGen       total 175104K, used 16K [0x00000006c0000000, 0x00000006cab00000, 0x000000076ab00000)
  object space 175104K, 0% used [0x00000006c0000000,0x00000006c0004000,0x00000006cab00000)
 Metaspace       used 13594K, capacity 14012K, committed 14208K, reserved 1060864K
  class space    used 1673K, capacity 1799K, committed 1920K, reserved 1048576K
}
Event: 1.204 GC heap before
{Heap before GC invocations=2 (full 0):
 PSYoungGen      total 76288K, used 73850K [0x000000076ab00000, 0x0000000770000000, 0x00000007c0000000)
  eden space 65536K, 100% used [0x000000076ab00000,0x000000076eb00000,0x000000076eb00000)
  from space 10752K, 77% used [0x000000076eb00000,0x000000076f31eb10,0x000000076f580000)
  to   space 10752K, 0% used [0x000000076f580000,0x000000076f580000,0x0000000770000000)
 ParOldGen       total 175104K, used 16K [0x00000006c0000000, 0x00000006cab00000, 0x000000076ab00000)
  object space 175104K, 0% used [0x00000006c0000000,0x00000006c0004000,0x00000006cab00000)
 Metaspace       used 18678K, capacity 19442K, committed 19584K, reserved 1067008K
  class space    used 2431K, capacity 2628K, committed 2688K, reserved 1048576K
Event: 1.215 GC heap after
Heap after GC invocations=2 (full 0):
 PSYoungGen      total 76288K, used 9544K [0x000000076ab00000, 0x0000000774000000, 0x00000007c0000000)
  eden space 65536K, 0% used [0x000000076ab00000,0x000000076ab00000,0x000000076eb00000)
  from space 10752K, 88% used [0x000000076f580000,0x000000076fed21e8,0x0000000770000000)
  to   space 10752K, 0% used [0x000000076eb00000,0x000000076eb00000,0x000000076f580000)
 ParOldGen       total 175104K, used 24K [0x00000006c0000000, 0x00000006cab00000, 0x000000076ab00000)
  object space 175104K, 0% used [0x00000006c0000000,0x00000006c0006000,0x00000006cab00000)
 Metaspace       used 18678K, capacity 19442K, committed 19584K, reserved 1067008K
  class space    used 2431K, capacity 2628K, committed 2688K, reserved 1048576K
}
Event: 1.484 GC heap before
{Heap before GC invocations=3 (full 0):
 PSYoungGen      total 76288K, used 70193K [0x000000076ab00000, 0x0000000774000000, 0x00000007c0000000)
  eden space 65536K, 92% used [0x000000076ab00000,0x000000076e63a500,0x000000076eb00000)
  from space 10752K, 88% used [0x000000076f580000,0x000000076fed21e8,0x0000000770000000)
  to   space 10752K, 0% used [0x000000076eb00000,0x000000076eb00000,0x000000076f580000)
 ParOldGen       total 175104K, used 24K [0x00000006c0000000, 0x00000006cab00000, 0x000000076ab00000)
  object space 175104K, 0% used [0x00000006c0000000,0x00000006c0006000,0x00000006cab00000)
 Metaspace       used 20368K, capacity 21230K, committed 21296K, reserved 1067008K
  class space    used 2688K, capacity 2902K, committed 2944K, reserved 1048576K
Event: 1.489 GC heap after
Heap after GC invocations=3 (full 0):
 PSYoungGen      total 76288K, used 7893K [0x000000076ab00000, 0x0000000774000000, 0x00000007c0000000)
  eden space 65536K, 0% used [0x000000076ab00000,0x000000076ab00000,0x000000076eb00000)
  from space 10752K, 73% used [0x000000076eb00000,0x000000076f2b5568,0x000000076f580000)
  to   space 10752K, 0% used [0x0000000773580000,0x0000000773580000,0x0000000774000000)
 ParOldGen       total 175104K, used 32K [0x00000006c0000000, 0x00000006cab00000, 0x000000076ab00000)
  object space 175104K, 0% used [0x00000006c0000000,0x00000006c0008000,0x00000006cab00000)
 Metaspace       used 20368K, capacity 21230K, committed 21296K, reserved 1067008K
  class space    used 2688K, capacity 2902K, committed 2944K, reserved 1048576K
}
Event: 1.489 GC heap before
{Heap before GC invocations=4 (full 1):
 PSYoungGen      total 76288K, used 7893K [0x000000076ab00000, 0x0000000774000000, 0x00000007c0000000)
  eden space 65536K, 0% used [0x000000076ab00000,0x000000076ab00000,0x000000076eb00000)
  from space 10752K, 73% used [0x000000076eb00000,0x000000076f2b5568,0x000000076f580000)
  to   space 10752K, 0% used [0x0000000773580000,0x0000000773580000,0x0000000774000000)
 ParOldGen       total 175104K, used 32K [0x00000006c0000000, 0x00000006cab00000, 0x000000076ab00000)
  object space 175104K, 0% used [0x00000006c0000000,0x00000006c0008000,0x00000006cab00000)
 Metaspace       used 20368K, capacity 21230K, committed 21296K, reserved 1067008K
  class space    used 2688K, capacity 2902K, committed 2944K, reserved 1048576K
Event: 1.514 GC heap after
Heap after GC invocations=4 (full 1):
 PSYoungGen      total 76288K, used 0K [0x000000076ab00000, 0x0000000774000000, 0x00000007c0000000)
  eden space 65536K, 0% used [0x000000076ab00000,0x000000076ab00000,0x000000076eb00000)
  from space 10752K, 0% used [0x000000076eb00000,0x000000076eb00000,0x000000076f580000)
  to   space 10752K, 0% used [0x0000000773580000,0x0000000773580000,0x0000000774000000)
 ParOldGen       total 106496K, used 7603K [0x00000006c0000000, 0x00000006c6800000, 0x000000076ab00000)
  object space 106496K, 7% used [0x00000006c0000000,0x00000006c076ce10,0x00000006c6800000)
 Metaspace       used 20366K, capacity 21224K, committed 21296K, reserved 1067008K
  class space    used 2688K, capacity 2901K, committed 2944K, reserved 1048576K
}
Event: 2.085 GC heap before
{Heap before GC invocations=5 (full 1):
 PSYoungGen      total 76288K, used 65536K [0x000000076ab00000, 0x0000000774000000, 0x00000007c0000000)
  eden space 65536K, 100% used [0x000000076ab00000,0x000000076eb00000,0x000000076eb00000)
  from space 10752K, 0% used [0x000000076eb00000,0x000000076eb00000,0x000000076f580000)
  to   space 10752K, 0% used [0x0000000773580000,0x0000000773580000,0x0000000774000000)
 ParOldGen       total 106496K, used 7603K [0x00000006c0000000, 0x00000006c6800000, 0x000000076ab00000)
  object space 106496K, 7% used [0x00000006c0000000,0x00000006c076ce10,0x00000006c6800000)
 Metaspace       used 26301K, capacity 27802K, committed 27904K, reserved 1073152K
  class space    used 3474K, capacity 3780K, committed 3840K, reserved 1048576K
Event: 2.092 GC heap after
Heap after GC invocations=5 (full 1):
 PSYoungGen      total 104960K, used 8073K [0x000000076ab00000, 0x0000000773d80000, 0x00000007c0000000)
  eden space 96768K, 0% used [0x000000076ab00000,0x000000076ab00000,0x0000000770980000)
  from space 8192K, 98% used [0x0000000773580000,0x0000000773d624d8,0x0000000773d80000)
  to   space 10752K, 0% used [0x0000000772880000,0x0000000772880000,0x0000000773300000)
 ParOldGen       total 106496K, used 7611K [0x00000006c0000000, 0x00000006c6800000, 0x000000076ab00000)
  object space 106496K, 7% used [0x00000006c0000000,0x00000006c076ee10,0x00000006c6800000)
 Metaspace       used 26301K, capacity 27802K, committed 27904K, reserved 1073152K
  class space    used 3474K, capacity 3780K, committed 3840K, reserved 1048576K
}

