# JRE version: Java(TM) SE Runtime Environment (8.0_121-b13) (build 1.8.0_121-b13)
# Java VM: Java HotSpot(TM) 64-Bit Server VM (25.121-b13 mixed mode bsd-amd64 compressed oops)
Heap:
 PSYoungGen      total 105984K, used 58169K [0x000000076ab00000, 0x0000000773d80000, 0x00000007c0000000)
  eden space 97792K, 51% used [0x000000076ab00000,0x000000076dbe0500,0x0000000770a80000)
  from space 8192K, 99% used [0x0000000773580000,0x0000000773d6e0d8,0x0000000773d80000)
  to   space 10752K, 0% used [0x0000000772880000,0x0000000772880000,0x0000000773300000)
 ParOldGen       total 105472K, used 7589K [0x00000006c0000000, 0x00000006c6700000, 0x000000076ab00000)
  object space 105472K, 7% used [0x00000006c0000000,0x00000006c07694b8,0x00000006c6700000)
 Metaspace       used 29253K, capacity 31050K, committed 31104K, reserved 1077248K
  class space    used 3842K, capacity 4177K, committed 4224K, reserved 1048576K
GC Heap History (10 events):
Event: 1.071 GC heap before
{Heap before GC invocations=1 (full 0):
 PSYoungGen      total 76288K, used 65536K [0x000000076ab00000, 0x0000000770000000, 0x00000007c0000000)
  eden space 65536K, 100% used [0x000000076ab00000,0x000000076eb00000,0x000000076eb00000)
  from space 10752K, 0% used [0x000000076f580000,0x000000076f580000,0x0000000770000000)
  to   space 10752K, 0% used [0x000000076eb00000,0x000000076eb00000,0x000000076f580000)
 ParOldGen       total 175104K, used 0K [0x00000006c0000000, 0x00000006cab00000, 0x000000076ab00000)
  object space 175104K, 0% used [0x00000006c0000000,0x00000006c0000000,0x00000006cab00000)
 Metaspace       used 13592K, capacity 14018K, committed 14208K, reserved 1060864K
  class space    used 1672K, capacity 1800K, committed 1920K, reserved 1048576K
Event: 1.078 GC heap after
Heap after GC invocations=1 (full 0):
 PSYoungGen      total 76288K, used 8394K [0x000000076ab00000, 0x0000000770000000, 0x00000007c0000000)
  eden space 65536K, 0% used [0x000000076ab00000,0x000000076ab00000,0x000000076eb00000)
  from space 10752K, 78% used [0x000000076eb00000,0x000000076f332830,0x000000076f580000)
  to   space 10752K, 0% used [0x000000076f580000,0x000000076f580000,0x0000000770000000)
 ParOldGen       total 175104K, used 16K [0x00000006c0000000, 0x00000006cab00000, 0x000000076ab00000)
  object space 175104K, 0% used [0x00000006c0000000,0x00000006c0004000,0x00000006cab00000)
 Metaspace       used 13592K, capacity 14018K, committed 14208K, reserved 1060864K
  class space    used 1672K, capacity 1800K, committed 1920K, reserved 1048576K
}
Event: 1.581 GC heap before
{Heap before GC invocations=2 (full 0):
 PSYoungGen      total 76288K, used 73930K [0x000000076ab00000, 0x0000000770000000, 0x00000007c0000000)
  eden space 65536K, 100% used [0x000000076ab00000,0x000000076eb00000,0x000000076eb00000)
  from space 10752K, 78% used [0x000000076eb00000,0x000000076f332830,0x000000076f580000)
  to   space 10752K, 0% used [0x000000076f580000,0x000000076f580000,0x0000000770000000)
 ParOldGen       total 175104K, used 16K [0x00000006c0000000, 0x00000006cab00000, 0x000000076ab00000)
  object space 175104K, 0% used [0x00000006c0000000,0x00000006c0004000,0x00000006cab00000)
 Metaspace       used 18769K, capacity 19506K, committed 19584K, reserved 1067008K
  class space    used 2442K, capacity 2628K, committed 2688K, reserved 1048576K
Event: 1.591 GC heap after
Heap after GC invocations=2 (full 0):
 PSYoungGen      total 76288K, used 9493K [0x000000076ab00000, 0x0000000774000000, 0x00000007c0000000)
  eden space 65536K, 0% used [0x000000076ab00000,0x000000076ab00000,0x000000076eb00000)
  from space 10752K, 88% used [0x000000076f580000,0x000000076fec57a0,0x0000000770000000)
  to   space 10752K, 0% used [0x000000076eb00000,0x000000076eb00000,0x000000076f580000)
 ParOldGen       total 175104K, used 24K [0x00000006c0000000, 0x00000006cab00000, 0x000000076ab00000)
  object space 175104K, 0% used [0x00000006c0000000,0x00000006c0006000,0x00000006cab00000)
 Metaspace       used 18769K, capacity 19506K, committed 19584K, reserved 1067008K
  class space    used 2442K, capacity 2628K, committed 2688K, reserved 1048576K
}
Event: 1.874 GC heap before
{Heap before GC invocations=3 (full 0):
 PSYoungGen      total 76288K, used 68948K [0x000000076ab00000, 0x0000000774000000, 0x00000007c0000000)
  eden space 65536K, 90% used [0x000000076ab00000,0x000000076e50fb38,0x000000076eb00000)
  from space 10752K, 88% used [0x000000076f580000,0x000000076fec57a0,0x0000000770000000)
  to   space 10752K, 0% used [0x000000076eb00000,0x000000076eb00000,0x000000076f580000)
 ParOldGen       total 175104K, used 24K [0x00000006c0000000, 0x00000006cab00000, 0x000000076ab00000)
  object space 175104K, 0% used [0x00000006c0000000,0x00000006c0006000,0x00000006cab00000)
 Metaspace       used 20363K, capacity 21230K, committed 21296K, reserved 1067008K
  class space    used 2686K, capacity 2902K, committed 2944K, reserved 1048576K
Event: 1.880 GC heap after
Heap after GC invocations=3 (full 0):
 PSYoungGen      total 76288K, used 7799K [0x000000076ab00000, 0x0000000774000000, 0x00000007c0000000)
  eden space 65536K, 0% used [0x000000076ab00000,0x000000076ab00000,0x000000076eb00000)
  from space 10752K, 72% used [0x000000076eb00000,0x000000076f29ded0,0x000000076f580000)
  to   space 10752K, 0% used [0x0000000773580000,0x0000000773580000,0x0000000774000000)
 ParOldGen       total 175104K, used 32K [0x00000006c0000000, 0x00000006cab00000, 0x000000076ab00000)
  object space 175104K, 0% used [0x00000006c0000000,0x00000006c0008000,0x00000006cab00000)
 Metaspace       used 20363K, capacity 21230K, committed 21296K, reserved 1067008K
  class space    used 2686K, capacity 2902K, committed 2944K, reserved 1048576K
}
Event: 1.880 GC heap before
{Heap before GC invocations=4 (full 1):
 PSYoungGen      total 76288K, used 7799K [0x000000076ab00000, 0x0000000774000000, 0x00000007c0000000)
  eden space 65536K, 0% used [0x000000076ab00000,0x000000076ab00000,0x000000076eb00000)
  from space 10752K, 72% used [0x000000076eb00000,0x000000076f29ded0,0x000000076f580000)
  to   space 10752K, 0% used [0x0000000773580000,0x0000000773580000,0x0000000774000000)
 ParOldGen       total 175104K, used 32K [0x00000006c0000000, 0x00000006cab00000, 0x000000076ab00000)
  object space 175104K, 0% used [0x00000006c0000000,0x00000006c0008000,0x00000006cab00000)
 Metaspace       used 20363K, capacity 21230K, committed 21296K, reserved 1067008K
  class space    used 2686K, capacity 2902K, committed 2944K, reserved 1048576K
Event: 1.907 GC heap after
Heap after GC invocations=4 (full 1):
 PSYoungGen      total 76288K, used 0K [0x000000076ab00000, 0x0000000774000000, 0x00000007c0000000)
  eden space 65536K, 0% used [0x000000076ab00000,0x000000076ab00000,0x000000076eb00000)
  from space 10752K, 0% used [0x000000076eb00000,0x000000076eb00000,0x000000076f580000)
  to   space 10752K, 0% used [0x0000000773580000,0x0000000773580000,0x0000000774000000)
 ParOldGen       total 105472K, used 7581K [0x00000006c0000000, 0x00000006c6700000, 0x000000076ab00000)
  object space 105472K, 7% used [0x00000006c0000000,0x00000006c07674b8,0x00000006c6700000)
 Metaspace       used 20361K, capacity 21224K, committed 21296K, reserved 1067008K
  class space    used 2685K, capacity 2901K, committed 2944K, reserved 1048576K
}
Event: 2.504 GC heap before
{Heap before GC invocations=5 (full 1):
 PSYoungGen      total 76288K, used 65536K [0x000000076ab00000, 0x0000000774000000, 0x00000007c0000000)
  eden space 65536K, 100% used [0x000000076ab00000,0x000000076eb00000,0x000000076eb00000)
  from space 10752K, 0% used [0x000000076eb00000,0x000000076eb00000,0x000000076f580000)
  to   space 10752K, 0% used [0x0000000773580000,0x0000000773580000,0x0000000774000000)
 ParOldGen       total 105472K, used 7581K [0x00000006c0000000, 0x00000006c6700000, 0x000000076ab00000)
  object space 105472K, 7% used [0x00000006c0000000,0x00000006c07674b8,0x00000006c6700000)
 Metaspace       used 26302K, capacity 27802K, committed 27904K, reserved 1073152K
  class space    used 3473K, capacity 3780K, committed 3840K, reserved 1048576K
Event: 2.511 GC heap after
Heap after GC invocations=5 (full 1):
 PSYoungGen      total 105984K, used 8120K [0x000000076ab00000, 0x0000000773d80000, 0x00000007c0000000)
  eden space 97792K, 0% used [0x000000076ab00000,0x000000076ab00000,0x0000000770a80000)
  from space 8192K, 99% used [0x0000000773580000,0x0000000773d6e0d8,0x0000000773d80000)
  to   space 10752K, 0% used [0x0000000772880000,0x0000000772880000,0x0000000773300000)
 ParOldGen       total 105472K, used 7589K [0x00000006c0000000, 0x00000006c6700000, 0x000000076ab00000)
  object space 105472K, 7% used [0x00000006c0000000,0x00000006c07694b8,0x00000006c6700000)
 Metaspace       used 26302K, capacity 27802K, committed 27904K, reserved 1073152K
  class space    used 3473K, capacity 3780K, committed 3840K, reserved 1048576K
}

